[debug] [2024-07-16T04:22:32.017Z] ----------------------------------------------------------------------
[debug] [2024-07-16T04:22:32.019Z] Command:       C:\Program Files\nodejs\node.exe C:\Users\Miguel\AppData\Roaming\npm\node_modules\firebase-tools\lib\bin\firebase.js init
[debug] [2024-07-16T04:22:32.020Z] CLI Version:   13.13.0
[debug] [2024-07-16T04:22:32.020Z] Platform:      win32
[debug] [2024-07-16T04:22:32.020Z] Node Version:  v20.14.0
[debug] [2024-07-16T04:22:32.020Z] Time:          Mon Jul 15 2024 23:22:32 GMT-0500 (Colombia Standard Time)
[debug] [2024-07-16T04:22:32.020Z] ----------------------------------------------------------------------
[debug] 
[debug] [2024-07-16T04:22:32.027Z] > command requires scopes: ["email","openid","https://www.googleapis.com/auth/cloudplatformprojects.readonly","https://www.googleapis.com/auth/firebase","https://www.googleapis.com/auth/cloud-platform"]
[debug] [2024-07-16T04:22:32.027Z] > authorizing via signed-in user (miguelancho01@hotmail.com)
[info] 
     ######## #### ########  ######## ########     ###     ######  ########
     ##        ##  ##     ## ##       ##     ##  ##   ##  ##       ##
     ######    ##  ########  ######   ########  #########  ######  ######
     ##        ##  ##    ##  ##       ##     ## ##     ##       ## ##
     ##       #### ##     ## ######## ########  ##     ##  ######  ########

You're about to initialize a Firebase project in this directory:

  D:\parquesoft\angular\repaso2

[info] 
=== Project Setup
[info] 
[info] First, let's associate this project directory with a Firebase project.
[info] You can create multiple project aliases by running firebase use --add, 
[info] but for now we'll just set up a default project.
[info] 
[debug] [2024-07-16T04:22:45.567Z] > refreshing access token with scopes: []
[debug] [2024-07-16T04:22:45.569Z] >>> [apiv2][query] POST https://www.googleapis.com/oauth2/v3/token [none]
[debug] [2024-07-16T04:22:45.569Z] >>> [apiv2][body] POST https://www.googleapis.com/oauth2/v3/token [omitted]
[debug] [2024-07-16T04:22:45.922Z] <<< [apiv2][status] POST https://www.googleapis.com/oauth2/v3/token 200
[debug] [2024-07-16T04:22:45.922Z] <<< [apiv2][body] POST https://www.googleapis.com/oauth2/v3/token [omitted]
[debug] [2024-07-16T04:22:45.928Z] >>> [apiv2][query] GET https://firebase.googleapis.com/v1beta1/projects pageSize=100
[debug] [2024-07-16T04:22:46.495Z] <<< [apiv2][status] GET https://firebase.googleapis.com/v1beta1/projects 200
[debug] [2024-07-16T04:22:46.496Z] <<< [apiv2][body] GET https://firebase.googleapis.com/v1beta1/projects [omitted]
[info] i  Using project angularentregaaa (angularentregaaa) 
[info] 
=== Hosting Setup
[debug] [2024-07-16T04:22:49.236Z] >>> [apiv2][query] GET https://firebase.googleapis.com/v1beta1/projects/angularentregaaa [none]
[debug] [2024-07-16T04:22:49.577Z] <<< [apiv2][status] GET https://firebase.googleapis.com/v1beta1/projects/angularentregaaa 200
[debug] [2024-07-16T04:22:49.577Z] <<< [apiv2][body] GET https://firebase.googleapis.com/v1beta1/projects/angularentregaaa {"projectId":"angularentregaaa","projectNumber":"777996734763","displayName":"angularentregaaa","name":"projects/angularentregaaa","resources":{"hostingSite":"angularentregaaa"},"state":"ACTIVE","etag":"1_9befebc1-30be-4a37-844b-8750ed4e33a3"}
[info] 
[info] Your public directory is the folder (relative to your project directory) that
[info] will contain Hosting assets to be uploaded with firebase deploy. If you
[info] have a build process for your assets, use your build's output directory.
[info] 
